[2026-03-21T16:09:18.452Z] > command requires scopes: ["email","openid","https://www.googleapis.com/auth/cloudplatformprojects.readonly","https://www.googleapis.com/auth/firebase","https://www.googleapis.com/auth/cloud-platform"]
[2026-03-21T16:09:18.454Z] > authorizing via signed-in user (alphadentkart@gmail.com)
[2026-03-21T16:09:18.454Z] [iam] checking project alphadentkart-001 for permissions ["firebase.projects.get","firebasehosting.sites.update"]
[2026-03-21T16:09:18.455Z] Checked if tokens are valid: false, expires at: 1774109434710
[2026-03-21T16:09:18.456Z] Checked if tokens are valid: false, expires at: 1774109434710
[2026-03-21T16:09:18.456Z] > refreshing access token with scopes: []
[2026-03-21T16:09:18.459Z] >>> [apiv2][query] POST https://www.googleapis.com/oauth2/v3/token [none]
[2026-03-21T16:09:18.459Z] >>> [apiv2][body] POST https://www.googleapis.com/oauth2/v3/token [omitted]
[2026-03-21T16:09:18.733Z] <<< [apiv2][status] POST https://www.googleapis.com/oauth2/v3/token 200
[2026-03-21T16:09:18.733Z] <<< [apiv2][body] POST https://www.googleapis.com/oauth2/v3/token [omitted]
[2026-03-21T16:09:18.760Z] >>> [apiv2][query] POST https://cloudresourcemanager.googleapis.com/v1/projects/alphadentkart-001:testIamPermissions [none]
[2026-03-21T16:09:18.760Z] >>> [apiv2][(partial)header] POST https://cloudresourcemanager.googleapis.com/v1/projects/alphadentkart-001:testIamPermissions x-goog-quota-user=projects/alphadentkart-001
[2026-03-21T16:09:18.760Z] >>> [apiv2][body] POST https://cloudresourcemanager.googleapis.com/v1/projects/alphadentkart-001:testIamPermissions {"permissions":["firebase.projects.get","firebasehosting.sites.update"]}
[2026-03-21T16:09:20.127Z] <<< [apiv2][status] POST https://cloudresourcemanager.googleapis.com/v1/projects/alphadentkart-001:testIamPermissions 200
[2026-03-21T16:09:20.127Z] <<< [apiv2][body] POST https://cloudresourcemanager.googleapis.com/v1/projects/alphadentkart-001:testIamPermissions {"permissions":["firebase.projects.get","firebasehosting.sites.update"]}
[2026-03-21T16:09:20.127Z] Checked if tokens are valid: true, expires at: 1774112957734
[2026-03-21T16:09:20.128Z] Checked if tokens are valid: true, expires at: 1774112957734
[2026-03-21T16:09:20.128Z] >>> [apiv2][query] GET https://firebase.googleapis.com/v1beta1/projects/alphadentkart-001 [none]
[2026-03-21T16:09:20.682Z] <<< [apiv2][status] GET https://firebase.googleapis.com/v1beta1/projects/alphadentkart-001 200
[2026-03-21T16:09:20.683Z] <<< [apiv2][body] GET https://firebase.googleapis.com/v1beta1/projects/alphadentkart-001 {"projectId":"alphadentkart-001","projectNumber":"388315003341","displayName":"alphadentkart","name":"projects/alphadentkart-001","resources":{"hostingSite":"alphadentkart-001"},"state":"ACTIVE","etag":"1_76a34c02-66c7-490f-83da-1c13b6c00dfd"}

=== Deploying to 'alphadentkart-001'...

i  deploying hosting 
[2026-03-21T16:09:20.689Z] Checked if tokens are valid: true, expires at: 1774112957734
[2026-03-21T16:09:20.689Z] Checked if tokens are valid: true, expires at: 1774112957734
[2026-03-21T16:09:20.690Z] >>> [apiv2][query] POST https://firebasehosting.googleapis.com/v1beta1/projects/-/sites/alphadentkart-001/versions [none]
[2026-03-21T16:09:20.690Z] >>> [apiv2][body] POST https://firebasehosting.googleapis.com/v1beta1/projects/-/sites/alphadentkart-001/versions {"status":"CREATED","labels":{"deployment-tool":"cli-firebase"}}
[2026-03-21T16:09:22.262Z] <<< [apiv2][status] POST https://firebasehosting.googleapis.com/v1beta1/projects/-/sites/alphadentkart-001/versions 200
[2026-03-21T16:09:22.262Z] <<< [apiv2][body] POST https://firebasehosting.googleapis.com/v1beta1/projects/-/sites/alphadentkart-001/versions {"name":"projects/388315003341/sites/alphadentkart-001/versions/fd395cac3180d537","status":"CREATED","config":{},"labels":{"deployment-tool":"cli-firebase"}}
i  hosting[alphadentkart-001]: beginning deploy... 
i  hosting[alphadentkart-001]: found 21 files in dist 
[2026-03-21T16:09:22.277Z] [hosting] uploading with 200 concurrency
[2026-03-21T16:09:22.303Z] Checked if tokens are valid: true, expires at: 1774112957734
[2026-03-21T16:09:22.304Z] Checked if tokens are valid: true, expires at: 1774112957734
[2026-03-21T16:09:22.306Z] [hosting] hash cache [ZGlzdA] stored for 21 files
[2026-03-21T16:09:22.306Z] [hosting][hash queue][FINAL] {"max":22,"min":0,"avg":6.142857142857143,"active":0,"complete":21,"success":21,"errored":0,"retried":0,"total":21,"elapsed":28}
[2026-03-21T16:09:22.307Z] >>> [apiv2][query] POST https://firebasehosting.googleapis.com/v1beta1/projects/388315003341/sites/alphadentkart-001/versions/fd395cac3180d537:populateFiles [none]
[2026-03-21T16:09:22.307Z] >>> [apiv2][body] POST https://firebasehosting.googleapis.com/v1beta1/projects/388315003341/sites/alphadentkart-001/versions/fd395cac3180d537:populateFiles {"files":{"/sw.js":"0d534fb9762f1e3988ce7f37177000d8d2848601ad53b47c128e8a0cf5ed45bc","/Alpha-dentkart-logo-icon.png":"97d9bf310c71143033e3a8ec5e4940509cb0a72311c93178aecf2c0a47c79b32","/Alpha-dentkart-logo-600p.png":"c2aadc15ff2be9f76bf2850143c6fd90fdacaeeadfdd73cbc135a43ab5f0a46b","/assets/Shop-CyjwAunR.js":"a781b5ee825d4d170ab293a58a58b8d7cd282b591f29c56ce20e446aafee8b54","/assets/index-CqjbLS7Z.css":"5619e87e18fea7b888f0cfa1dec2481920065847dac08727f7341dd19b1602f7","/assets/index-Ce_iIzkw.js":"d116274f17c1b44674f2e6b57f0d518b8f7b604aa67d48384a3e1345c5fd9b94","/assets/Dashboard-DrXSeZpV.js":"0a99d1e161c0ff611c0edb89db9e780e15ceaff4f7a1bdc22f7266b0aa3ef8ad","/assets/AdminLogin-DpNXvyTi.js":"0397ff6a7737bd8efd08bb89fdb8349325a159a8bb59ba5a463943a3c2f65bfb","/assets/admin-Bz2yXHXL.js":"50b1e5ab444e5302fe768ce247bab0c8189028e3e605e6d569854bcc5531e23b","/assets/Wishlist-BTjd_nIp.js":"ccb8707eb74b5452995f99ff646f63bff6072ba891364d85a6f1d0ab821de874","/assets/Login-DzmVbbYc.js":"37ce26d9c733940c801dc01b3bd256ae6ec15555a0d3c7c9d987c73c55b35e39","/index.html":"12486d6aeda2f4d041671f5ccaac0d80f7ab48433afd90e6416f45154b6713ab","/assets/TermsOfService-TfsG9GOj.js":"9df08979e77e8d01a2a2aeb0acbed15f27d64fc0c378f2f281df43b9b8fde3a4","/assets/products-CpOn96BZ.css":"8b87357be2dc9714f123717a40bca224552363ae50e95a308907bc801645ed07","/assets/PrivacyPolicy-aDOjgm5d.js":"fd5be9b042296ff5c85bba4505bd79607c3d50ed3197b27a0ee184540f9e2ab0","/assets/themes-LbfZrZW4.js":"963a9399baea323aa65ceea4af885c23cc11a785f1aa7855e7ddec316044d724","/assets/AIChat-BBzX_Re-.js":"f521c9b344a4406e33ca297303a727916d3afb6cb9f94fa721e6ebdf280400c9","/assets/checkout--JVdlI08.js":"32eb45949a0365992ed964f8b82f34e46e2eaccd5d5c35250e5987112f9bc533","/assets/products-DLospaF3.js":"ed5f4f433a23d67d9dbfb2331b0aad787ad9e9de1b787f919c0c75533458ae85","/assets/ai-ZayOz6mS.js":"af0945c5fc3b2936089be7bb2eaa9021185f8f8fe9a783b662023831de8fc202","/assets/vendor-CwO1aD9R.js":"d5cb330c4905fe784ad95d28ea2aad5c5e1cc510edc647d70f56a9db4e2e695c"}}
[2026-03-21T16:09:23.005Z] <<< [apiv2][status] POST https://firebasehosting.googleapis.com/v1beta1/projects/388315003341/sites/alphadentkart-001/versions/fd395cac3180d537:populateFiles 200
[2026-03-21T16:09:23.005Z] <<< [apiv2][body] POST https://firebasehosting.googleapis.com/v1beta1/projects/388315003341/sites/alphadentkart-001/versions/fd395cac3180d537:populateFiles {"uploadRequiredHashes":["12486d6aeda2f4d041671f5ccaac0d80f7ab48433afd90e6416f45154b6713ab"],"uploadUrl":"https://upload-firebasehosting.googleapis.com/upload/sites/alphadentkart-001/versions/fd395cac3180d537/files"}
[2026-03-21T16:09:23.006Z] Checked if tokens are valid: true, expires at: 1774112957734
[2026-03-21T16:09:23.006Z] Checked if tokens are valid: true, expires at: 1774112957734
[2026-03-21T16:09:23.006Z] >>> [apiv2][query] POST https://upload-firebasehosting.googleapis.com/upload/sites/alphadentkart-001/versions/fd395cac3180d537/files/12486d6aeda2f4d041671f5ccaac0d80f7ab48433afd90e6416f45154b6713ab [none]
[2026-03-21T16:09:23.006Z] >>> [apiv2][body] POST https://upload-firebasehosting.googleapis.com/upload/sites/alphadentkart-001/versions/fd395cac3180d537/files/12486d6aeda2f4d041671f5ccaac0d80f7ab48433afd90e6416f45154b6713ab [stream]
[2026-03-21T16:09:23.007Z] [hosting][populate queue][FINAL] {"max":703,"min":703,"avg":703,"active":0,"complete":1,"success":1,"errored":0,"retried":0,"total":1,"elapsed":704}
[2026-03-21T16:09:23.008Z] [hosting] uploads queued: 1
i  hosting: uploading new files [0/1] (0%) 
[2026-03-21T16:09:25.038Z] <<< [apiv2][status] POST https://upload-firebasehosting.googleapis.com/upload/sites/alphadentkart-001/versions/fd395cac3180d537/files/12486d6aeda2f4d041671f5ccaac0d80f7ab48433afd90e6416f45154b6713ab 200
[2026-03-21T16:09:25.039Z] <<< [apiv2][body] POST https://upload-firebasehosting.googleapis.com/upload/sites/alphadentkart-001/versions/fd395cac3180d537/files/12486d6aeda2f4d041671f5ccaac0d80f7ab48433afd90e6416f45154b6713ab [stream]
[2026-03-21T16:09:25.039Z] [hosting][upload queue][FINAL] {"max":2034,"min":2034,"avg":2034,"active":0,"complete":1,"success":1,"errored":0,"retried":0,"total":1,"elapsed":2034}
i  hosting: upload complete 
+  hosting[alphadentkart-001]: file upload complete 
[2026-03-21T16:09:25.040Z] [hosting] deploy completed after 2776ms
[2026-03-21T16:09:25.040Z] [
  {
    "config": {
      "public": "dist",
      "ignore": [
        "firebase.json",
        "**/.*",
        "**/node_modules/**"
      ],
      "headers": [
        {
          "source": "/index.html",
          "headers": [
            {
              "key": "Cache-Control",
              "value": "no-cache, no-store, must-revalidate"
            }
          ]
        },
        {
          "source": "/sw.js",
          "headers": [
            {
              "key": "Cache-Control",
              "value": "no-cache, no-store, must-revalidate"
            }
          ]
        },
        {
          "source": "**/*.@(js|css)",
          "headers": [
            {
              "key": "Cache-Control",
              "value": "public, max-age=31536000, immutable"
            }
          ]
        }
      ],
      "rewrites": [
        {
          "source": "/api/**",
          "run": {
            "serviceId": "api",
            "region": "asia-south1"
          }
        },
        {
          "source": "**",
          "destination": "/index.html"
        }
      ],
      "site": "alphadentkart-001"
    },
    "version": "projects/388315003341/sites/alphadentkart-001/versions/fd395cac3180d537"
  }
]
i  hosting[alphadentkart-001]: finalizing version... 
[2026-03-21T16:09:25.043Z] Checked if tokens are valid: true, expires at: 1774112957734
[2026-03-21T16:09:25.043Z] Checked if tokens are valid: true, expires at: 1774112957734
[2026-03-21T16:09:25.044Z] >>> [apiv2][query] GET https://cloudfunctions.googleapis.com/v1/projects/alphadentkart-001/locations/-/functions [none]
[2026-03-21T16:09:26.010Z] <<< [apiv2][status] GET https://cloudfunctions.googleapis.com/v1/projects/alphadentkart-001/locations/-/functions 200
[2026-03-21T16:09:26.012Z] <<< [apiv2][body] GET https://cloudfunctions.googleapis.com/v1/projects/alphadentkart-001/locations/-/functions {}
[2026-03-21T16:09:26.013Z] Checked if tokens are valid: true, expires at: 1774112957734
[2026-03-21T16:09:26.013Z] Checked if tokens are valid: true, expires at: 1774112957734
[2026-03-21T16:09:26.013Z] >>> [apiv2][query] GET https://cloudfunctions.googleapis.com/v2/projects/alphadentkart-001/locations/-/functions filter=environment%3D%22GEN_2%22
[2026-03-21T16:09:27.745Z] <<< [apiv2][status] GET https://cloudfunctions.googleapis.com/v2/projects/alphadentkart-001/locations/-/functions 200
[2026-03-21T16:09:27.746Z] <<< [apiv2][body] GET https://cloudfunctions.googleapis.com/v2/projects/alphadentkart-001/locations/-/functions {"functions":[{"name":"projects/alphadentkart-001/locations/asia-south1/functions/api","buildConfig":{"build":"projects/388315003341/locations/asia-south1/builds/6f042004-623a-411f-971b-2d9d5be48d08","runtime":"nodejs20","entryPoint":"api","source":{"storageSource":{"bucket":"gcf-v2-sources-388315003341-asia-south1","object":"api/function-source.zip","generation":"1774025969940154"}},"environmentVariables":{"GOOGLE_NODE_RUN_SCRIPTS":""},"dockerRepository":"projects/alphadentkart-001/locations/asia-south1/repositories/gcf-artifacts","sourceProvenance":{"resolvedStorageSource":{"bucket":"gcf-v2-sources-388315003341-asia-south1","object":"api/function-source.zip","generation":"1774025969940154"}},"dockerRegistry":"ARTIFACT_REGISTRY","serviceAccount":"projects/alphadentkart-001/serviceAccounts/388315003341-compute@developer.gserviceaccount.com","automaticUpdatePolicy":{}},"serviceConfig":{"service":"projects/alphadentkart-001/locations/asia-south1/services/api","timeoutSeconds":300,"environmentVariables":{"NODE_ENV":"development","CLIENT_URL":"http://localhost:3000","JWT_SECRET":"alphadentkart_super_secret_jwt_key_2024","DATABASE_URL":"file:./dev.db","RAZORPAY_KEY_ID":"rzp_test_SR2fyu9chZhZCF","RAZORPAY_KEY_SECRET":"fE85nNGgKH6F4KwuFiThjeGh","WP_CONSUMER_KEY":"ck_5a8523c9071b6973950fb95844855ca08b1","WP_CONSUMER_SECRET":"cs_49ea401b7c76be3bd64c4edf0a2f73afe5","FIREBASE_CONFIG":"{\"projectId\":\"alphadentkart-001\",\"storageBucket\":\"alphadentkart-001.firebasestorage.app\"}","GCLOUD_PROJECT":"alphadentkart-001","EVENTARC_CLOUD_EVENT_SOURCE":"projects/alphadentkart-001/locations/asia-south1/services/api","FUNCTION_TARGET":"api","LOG_EXECUTION_ID":"true"},"maxInstanceCount":20,"ingressSettings":"ALLOW_ALL","uri":"https://api-pixpfhd4qa-el.a.run.app","serviceAccountEmail":"388315003341-compute@developer.gserviceaccount.com","availableMemory":"1024Mi","allTrafficOnLatestRevision":true,"revision":"api-00017-peq","maxInstanceRequestConcurrency":80,"availableCpu":"1"},"state":"ACTIVE","updateTime":"2026-03-20T17:00:27.194048863Z","labels":{"deployment-tool":"cli-firebase","firebase-functions-hash":"efcdc92b3ec09880f0983e7a351b4c027c83c2d1"},"environment":"GEN_2","url":"https://asia-south1-alphadentkart-001.cloudfunctions.net/api","satisfiesPzs":true,"createTime":"2026-03-10T16:42:31.688588948Z","satisfiesPzi":true}]}
[2026-03-21T16:09:27.749Z] Checked if tokens are valid: true, expires at: 1774112957734
[2026-03-21T16:09:27.749Z] Checked if tokens are valid: true, expires at: 1774112957734
[2026-03-21T16:09:27.749Z] >>> [apiv2][query] PATCH https://firebasehosting.googleapis.com/v1beta1/projects/-/sites/alphadentkart-001/versions/fd395cac3180d537 updateMask=status%2Cconfig
[2026-03-21T16:09:27.749Z] >>> [apiv2][body] PATCH https://firebasehosting.googleapis.com/v1beta1/projects/-/sites/alphadentkart-001/versions/fd395cac3180d537 {"status":"FINALIZED","config":{"rewrites":[{"glob":"/api/**","run":{"serviceId":"api","region":"asia-south1"}},{"glob":"**","path":"/index.html"}],"headers":[{"glob":"/index.html","headers":{"Cache-Control":"no-cache, no-store, must-revalidate"}},{"glob":"/sw.js","headers":{"Cache-Control":"no-cache, no-store, must-revalidate"}},{"glob":"**/*.@(js|css)","headers":{"Cache-Control":"public, max-age=31536000, immutable"}}]}}
[2026-03-21T16:09:29.356Z] <<< [apiv2][status] PATCH https://firebasehosting.googleapis.com/v1beta1/projects/-/sites/alphadentkart-001/versions/fd395cac3180d537 200
[2026-03-21T16:09:29.357Z] <<< [apiv2][body] PATCH https://firebasehosting.googleapis.com/v1beta1/projects/-/sites/alphadentkart-001/versions/fd395cac3180d537 {"name":"projects/388315003341/sites/alphadentkart-001/versions/fd395cac3180d537","status":"FINALIZED","config":{"headers":[{"headers":{"Cache-Control":"no-cache, no-store, must-revalidate"},"glob":"/index.html"},{"headers":{"Cache-Control":"no-cache, no-store, must-revalidate"},"glob":"/sw.js"},{"headers":{"Cache-Control":"public, max-age=31536000, immutable"},"glob":"**/*.@(js|css)"}],"rewrites":[{"glob":"/api/**","run":{"serviceId":"api","region":"asia-south1"}},{"glob":"**","path":"/index.html"}]},"labels":{"deployment-tool":"cli-firebase"},"createTime":"2026-03-21T16:09:20.731523Z","createUser":{"email":"alphadentkart@gmail.com"},"finalizeTime":"2026-03-21T16:09:28.447850Z","finalizeUser":{"email":"alphadentkart@gmail.com"}}
[2026-03-21T16:09:29.357Z] [hosting] finalized version for alphadentkart-001:[object Object]
+  hosting[alphadentkart-001]: version finalized 
i  hosting[alphadentkart-001]: releasing new version... 
[2026-03-21T16:09:29.357Z] Checked if tokens are valid: true, expires at: 1774112957734
[2026-03-21T16:09:29.357Z] Checked if tokens are valid: true, expires at: 1774112957734
[2026-03-21T16:09:29.357Z] >>> [apiv2][query] POST https://firebasehosting.googleapis.com/v1beta1/projects/-/sites/alphadentkart-001/channels/live/releases versionName=projects%2F388315003341%2Fsites%2Falphadentkart-001%2Fversions%2Ffd395cac3180d537
[2026-03-21T16:09:29.357Z] >>> [apiv2][body] POST https://firebasehosting.googleapis.com/v1beta1/projects/-/sites/alphadentkart-001/channels/live/releases {}
[2026-03-21T16:09:30.414Z] <<< [apiv2][status] POST https://firebasehosting.googleapis.com/v1beta1/projects/-/sites/alphadentkart-001/channels/live/releases 200
[2026-03-21T16:09:30.414Z] <<< [apiv2][body] POST https://firebasehosting.googleapis.com/v1beta1/projects/-/sites/alphadentkart-001/channels/live/releases {"name":"projects/388315003341/sites/alphadentkart-001/channels/live/releases/1774109368848000","version":{"name":"projects/388315003341/sites/alphadentkart-001/versions/fd395cac3180d537","status":"FINALIZED","config":{"headers":[{"headers":{"Cache-Control":"no-cache, no-store, must-revalidate"},"glob":"/index.html"},{"headers":{"Cache-Control":"no-cache, no-store, must-revalidate"},"glob":"/sw.js"},{"headers":{"Cache-Control":"public, max-age=31536000, immutable"},"glob":"**/*.@(js|css)"}],"rewrites":[{"glob":"/api/**","run":{"serviceId":"api","region":"asia-south1"}},{"glob":"**","path":"/index.html"}]},"labels":{"deployment-tool":"cli-firebase"},"createTime":"2026-03-21T16:09:20.731523Z","createUser":{"email":"alphadentkart@gmail.com","imageUrl":"https://lh3.googleusercontent.com/a/ACg8ocISPlJ-3PkLYrph3xLOGiX-BNEFBrf5qde5nGh_rolTqsWT7CE"},"finalizeTime":"2026-03-21T16:09:28.447850Z","finalizeUser":{"email":"alphadentkart@gmail.com","imageUrl":"https://lh3.googleusercontent.com/a/ACg8ocISPlJ-3PkLYrph3xLOGiX-BNEFBrf5qde5nGh_rolTqsWT7CE"}},"type":"DEPLOY","releaseTime":"2026-03-21T16:09:28.848Z","releaseUser":{"email":"alphadentkart@gmail.com","imageUrl":"https://lh3.googleusercontent.com/a/ACg8ocISPlJ-3PkLYrph3xLOGiX-BNEFBrf5qde5nGh_rolTqsWT7CE"}}
[2026-03-21T16:09:30.414Z] [hosting] release: {"name":"projects/388315003341/sites/alphadentkart-001/channels/live/releases/1774109368848000","version":{"name":"projects/388315003341/sites/alphadentkart-001/versions/fd395cac3180d537","status":"FINALIZED","config":{"headers":[{"headers":{"Cache-Control":"no-cache, no-store, must-revalidate"},"glob":"/index.html"},{"headers":{"Cache-Control":"no-cache, no-store, must-revalidate"},"glob":"/sw.js"},{"headers":{"Cache-Control":"public, max-age=31536000, immutable"},"glob":"**/*.@(js|css)"}],"rewrites":[{"glob":"/api/**","run":{"serviceId":"api","region":"asia-south1"}},{"glob":"**","path":"/index.html"}]},"labels":{"deployment-tool":"cli-firebase"},"createTime":"2026-03-21T16:09:20.731523Z","createUser":{"email":"alphadentkart@gmail.com","imageUrl":"https://lh3.googleusercontent.com/a/ACg8ocISPlJ-3PkLYrph3xLOGiX-BNEFBrf5qde5nGh_rolTqsWT7CE"},"finalizeTime":"2026-03-21T16:09:28.447850Z","finalizeUser":{"email":"alphadentkart@gmail.com","imageUrl":"https://lh3.googleusercontent.com/a/ACg8ocISPlJ-3PkLYrph3xLOGiX-BNEFBrf5qde5nGh_rolTqsWT7CE"}},"type":"DEPLOY","releaseTime":"2026-03-21T16:09:28.848Z","releaseUser":{"email":"alphadentkart@gmail.com","imageUrl":"https://lh3.googleusercontent.com/a/ACg8ocISPlJ-3PkLYrph3xLOGiX-BNEFBrf5qde5nGh_rolTqsWT7CE"}}
+  hosting[alphadentkart-001]: release complete 

+  Deploy complete! 

Project Console: https://console.firebase.google.com/project/alphadentkart-001/overview
Hosting URL: https://alphadentkart-001.web.app
