[     365ms] [WARNING] cdn.tailwindcss.com should not be used in production. To use Tailwind CSS in production, install it as a PostCSS plugin or use the Tailwind CLI: https://tailwindcss.com/docs/installation @ https://cdn.tailwindcss.com/?plugins=forms,typography:65
[     652ms] [INFO] %cDownload the React DevTools for a better development experience: https://reactjs.org/link/react-devtools font-weight:bold @ http://localhost:3000/node_modules/.vite/deps/chunk-NXESFFTV.js?v=97706f7e:21608
[     663ms] [LOG] App Render: {currentView: dashboard, selectedProductId: undefined, productsCount: 0} @ http://localhost:3000/App.tsx:1344
[     663ms] [LOG] App Render: {currentView: dashboard, selectedProductId: undefined, productsCount: 0} @ http://localhost:3000/App.tsx:1344
[     698ms] [LOG] ✅ Service Worker registered: ServiceWorkerRegistration @ http://localhost:3000/dashboard:149
[     699ms] [LOG] 🚀 Starting app data load with stale-while-revalidate... @ http://localhost:3000/App.tsx:93
[     701ms] [LOG] 🚀 Starting app data load with stale-while-revalidate... @ http://localhost:3000/App.tsx:93
[     704ms] [LOG] App Render: {currentView: dashboard, selectedProductId: undefined, productsCount: 0} @ http://localhost:3000/App.tsx:1344
[     704ms] [LOG] App Render: {currentView: dashboard, selectedProductId: undefined, productsCount: 0} @ http://localhost:3000/App.tsx:1344
[     728ms] [ERROR] Failed to load resource: the server responded with a status of 429 (Too Many Requests) @ http://localhost:3000/api/v1/csrf-token:0
[     728ms] [LOG] 📡 Fetching products from API... @ http://localhost:3000/App.tsx:130
[     731ms] [LOG] App Render: {currentView: dashboard, selectedProductId: undefined, productsCount: 0} @ http://localhost:3000/App.tsx:1344
[     731ms] [LOG] App Render: {currentView: dashboard, selectedProductId: undefined, productsCount: 0} @ http://localhost:3000/App.tsx:1344
[     734ms] [ERROR] Failed to load resource: the server responded with a status of 429 (Too Many Requests) @ http://localhost:3000/api/v1/csrf-token:0
[     735ms] [LOG] 📡 Fetching products from API... @ http://localhost:3000/App.tsx:130
[     738ms] [LOG] App Render: {currentView: dashboard, selectedProductId: undefined, productsCount: 0} @ http://localhost:3000/App.tsx:1344
[     739ms] [LOG] App Render: {currentView: dashboard, selectedProductId: undefined, productsCount: 0} @ http://localhost:3000/App.tsx:1344
[     747ms] [ERROR] Failed to load resource: the server responded with a status of 429 (Too Many Requests) @ http://localhost:3000/api/v1/products?limit=100:0
[     748ms] [ERROR] ❌ Products API call failed: AxiosError @ http://localhost:3000/App.tsx:137
[     749ms] [ERROR] ❌ Failed to fetch fresh data: AxiosError @ http://localhost:3000/App.tsx:264
[     749ms] [ERROR] Error type: AxiosError @ http://localhost:3000/App.tsx:265
[     749ms] [ERROR] Error message: Request failed with status code 429 @ http://localhost:3000/App.tsx:266
[     749ms] [ERROR] Error code: ERR_BAD_REQUEST @ http://localhost:3000/App.tsx:267
[     749ms] [ERROR] Response data: Too many requests from this IP, please try again later @ http://localhost:3000/App.tsx:268
[     750ms] [LOG] App Render: {currentView: dashboard, selectedProductId: undefined, productsCount: 0} @ http://localhost:3000/App.tsx:1344
[     750ms] [LOG] App Render: {currentView: dashboard, selectedProductId: undefined, productsCount: 0} @ http://localhost:3000/App.tsx:1344
[     778ms] [LOG] 📊 CLS: 0.07124681715401514 @ http://localhost:3000/dashboard:205
[     953ms] [ERROR] Failed to load resource: the server responded with a status of 429 (Too Many Requests) @ http://localhost:3000/api/v1/products?limit=100:0
[     954ms] [ERROR] ❌ Products API call failed: AxiosError @ http://localhost:3000/App.tsx:137
[     954ms] [ERROR] ❌ Failed to fetch fresh data: AxiosError @ http://localhost:3000/App.tsx:264
[     954ms] [ERROR] Error type: AxiosError @ http://localhost:3000/App.tsx:265
[     954ms] [ERROR] Error message: Request failed with status code 429 @ http://localhost:3000/App.tsx:266
[     954ms] [ERROR] Error code: ERR_BAD_REQUEST @ http://localhost:3000/App.tsx:267
[     954ms] [ERROR] Response data: Too many requests from this IP, please try again later @ http://localhost:3000/App.tsx:268
[     955ms] [LOG] App Render: {currentView: dashboard, selectedProductId: undefined, productsCount: 0} @ http://localhost:3000/App.tsx:1344
[     955ms] [LOG] App Render: {currentView: dashboard, selectedProductId: undefined, productsCount: 0} @ http://localhost:3000/App.tsx:1344
