[     380ms] [WARNING] cdn.tailwindcss.com should not be used in production. To use Tailwind CSS in production, install it as a PostCSS plugin or use the Tailwind CLI: https://tailwindcss.com/docs/installation @ https://cdn.tailwindcss.com/?plugins=forms,typography:65
[     905ms] [INFO] %cDownload the React DevTools for a better development experience: https://reactjs.org/link/react-devtools font-weight:bold @ http://localhost:3000/node_modules/.vite/deps/chunk-NXESFFTV.js?v=97706f7e:21608
[     926ms] [LOG] App Render: {currentView: dashboard, selectedProductId: undefined, productsCount: 0} @ http://localhost:3000/App.tsx?t=1775368002308:1344
[     928ms] [LOG] App Render: {currentView: dashboard, selectedProductId: undefined, productsCount: 0} @ http://localhost:3000/App.tsx?t=1775368002308:1344
[     984ms] [LOG] ✅ Service Worker registered: ServiceWorkerRegistration @ http://localhost:3000/dashboard:149
[     990ms] [LOG] 🚀 Starting app data load with stale-while-revalidate... @ http://localhost:3000/App.tsx?t=1775368002308:93
[     995ms] [LOG] 🚀 Starting app data load with stale-while-revalidate... @ http://localhost:3000/App.tsx?t=1775368002308:93
[    1000ms] [LOG] App Render: {currentView: dashboard, selectedProductId: undefined, productsCount: 0} @ http://localhost:3000/App.tsx?t=1775368002308:1344
[    1000ms] [LOG] App Render: {currentView: dashboard, selectedProductId: undefined, productsCount: 0} @ http://localhost:3000/App.tsx?t=1775368002308:1344
[    1029ms] [LOG] 📡 Fetching products from API... @ http://localhost:3000/App.tsx?t=1775368002308:130
[    1036ms] [LOG] App Render: {currentView: dashboard, selectedProductId: undefined, productsCount: 0} @ http://localhost:3000/App.tsx?t=1775368002308:1344
[    1036ms] [LOG] App Render: {currentView: dashboard, selectedProductId: undefined, productsCount: 0} @ http://localhost:3000/App.tsx?t=1775368002308:1344
[    1047ms] [LOG] 📡 Fetching products from API... @ http://localhost:3000/App.tsx?t=1775368002308:130
[    1049ms] [LOG] App Render: {currentView: dashboard, selectedProductId: undefined, productsCount: 0} @ http://localhost:3000/App.tsx?t=1775368002308:1344
[    1049ms] [LOG] App Render: {currentView: dashboard, selectedProductId: undefined, productsCount: 0} @ http://localhost:3000/App.tsx?t=1775368002308:1344
[    1086ms] [LOG] 📦 Products API response received, type: object @ http://localhost:3000/App.tsx?t=1775368002308:134
[    1087ms] [LOG] 📦 Products has products key: true @ http://localhost:3000/App.tsx?t=1775368002308:135
[    1095ms] [LOG] App Render: {currentView: dashboard, selectedProductId: undefined, productsCount: 0} @ http://localhost:3000/App.tsx?t=1775368002308:1344
[    1096ms] [LOG] App Render: {currentView: dashboard, selectedProductId: undefined, productsCount: 0} @ http://localhost:3000/App.tsx?t=1775368002308:1344
[    1125ms] [LOG] 📦 Products API response received, type: object @ http://localhost:3000/App.tsx?t=1775368002308:134
[    1125ms] [LOG] 📦 Products has products key: true @ http://localhost:3000/App.tsx?t=1775368002308:135
[    1132ms] [LOG] App Render: {currentView: dashboard, selectedProductId: undefined, productsCount: 0} @ http://localhost:3000/App.tsx?t=1775368002308:1344
[    1132ms] [LOG] App Render: {currentView: dashboard, selectedProductId: undefined, productsCount: 0} @ http://localhost:3000/App.tsx?t=1775368002308:1344
[    1569ms] [LOG] ✅ Products response has 100 products @ http://localhost:3000/App.tsx?t=1775368002308:155
[    1570ms] [LOG] ✅ Loaded and cached 100 products @ http://localhost:3000/App.tsx?t=1775368002308:196
[    1570ms] [LOG] ✅ All data loaded and cached successfully @ http://localhost:3000/App.tsx?t=1775368002308:262
[    1576ms] [LOG] App Render: {currentView: dashboard, selectedProductId: undefined, productsCount: 100} @ http://localhost:3000/App.tsx?t=1775368002308:1344
[    1577ms] [LOG] App Render: {currentView: dashboard, selectedProductId: undefined, productsCount: 100} @ http://localhost:3000/App.tsx?t=1775368002308:1344
[    1795ms] [LOG] App Render: {currentView: dashboard, selectedProductId: undefined, productsCount: 100} @ http://localhost:3000/App.tsx?t=1775368002308:1344
[    1795ms] [LOG] App Render: {currentView: dashboard, selectedProductId: undefined, productsCount: 100} @ http://localhost:3000/App.tsx?t=1775368002308:1344
[    2211ms] [ERROR] Failed to load resource: the server responded with a status of 401 (Unauthorized) @ http://localhost:3000/api/v1/orders/me:0
[    2213ms] [ERROR] Failed to fetch user orders: AxiosError @ http://localhost:3000/App.tsx?t=1775368002308:683
[    2381ms] TypeError: Cannot read properties of undefined (reading 'length')
    at Dashboard (http://localhost:3000/components/Dashboard.tsx?t=1775368002308:308:134)
    at renderWithHooks (http://localhost:3000/node_modules/.vite/deps/chunk-NXESFFTV.js?v=97706f7e:11596:26)
    at updateFunctionComponent (http://localhost:3000/node_modules/.vite/deps/chunk-NXESFFTV.js?v=97706f7e:14630:28)
    at mountLazyComponent (http://localhost:3000/node_modules/.vite/deps/chunk-NXESFFTV.js?v=97706f7e:14881:23)
    at beginWork (http://localhost:3000/node_modules/.vite/deps/chunk-NXESFFTV.js?v=97706f7e:15966:22)
    at HTMLUnknownElement.callCallback2 (http://localhost:3000/node_modules/.vite/deps/chunk-NXESFFTV.js?v=97706f7e:3680:22)
    at Object.invokeGuardedCallbackDev (http://localhost:3000/node_modules/.vite/deps/chunk-NXESFFTV.js?v=97706f7e:3705:24)
    at invokeGuardedCallback (http://localhost:3000/node_modules/.vite/deps/chunk-NXESFFTV.js?v=97706f7e:3739:39)
    at beginWork$1 (http://localhost:3000/node_modules/.vite/deps/chunk-NXESFFTV.js?v=97706f7e:19818:15)
    at performUnitOfWork (http://localhost:3000/node_modules/.vite/deps/chunk-NXESFFTV.js?v=97706f7e:19251:20)
[    2350ms] [LOG] ✅ Products response has 100 products @ http://localhost:3000/App.tsx?t=1775368002308:155
[    2350ms] [LOG] ✅ Loaded and cached 100 products @ http://localhost:3000/App.tsx?t=1775368002308:196
[    2350ms] [LOG] ✅ All data loaded and cached successfully @ http://localhost:3000/App.tsx?t=1775368002308:262
[    2352ms] [LOG] App Render: {currentView: dashboard, selectedProductId: undefined, productsCount: 100} @ http://localhost:3000/App.tsx?t=1775368002308:1344
[    2353ms] [LOG] App Render: {currentView: dashboard, selectedProductId: undefined, productsCount: 100} @ http://localhost:3000/App.tsx?t=1775368002308:1344
[    2399ms] TypeError: Cannot read properties of undefined (reading 'length')
    at Dashboard (http://localhost:3000/components/Dashboard.tsx?t=1775368002308:308:134)
    at renderWithHooks (http://localhost:3000/node_modules/.vite/deps/chunk-NXESFFTV.js?v=97706f7e:11596:26)
    at updateFunctionComponent (http://localhost:3000/node_modules/.vite/deps/chunk-NXESFFTV.js?v=97706f7e:14630:28)
    at mountLazyComponent (http://localhost:3000/node_modules/.vite/deps/chunk-NXESFFTV.js?v=97706f7e:14881:23)
    at beginWork (http://localhost:3000/node_modules/.vite/deps/chunk-NXESFFTV.js?v=97706f7e:15966:22)
    at HTMLUnknownElement.callCallback2 (http://localhost:3000/node_modules/.vite/deps/chunk-NXESFFTV.js?v=97706f7e:3680:22)
    at Object.invokeGuardedCallbackDev (http://localhost:3000/node_modules/.vite/deps/chunk-NXESFFTV.js?v=97706f7e:3705:24)
    at invokeGuardedCallback (http://localhost:3000/node_modules/.vite/deps/chunk-NXESFFTV.js?v=97706f7e:3739:39)
    at beginWork$1 (http://localhost:3000/node_modules/.vite/deps/chunk-NXESFFTV.js?v=97706f7e:19818:15)
    at performUnitOfWork (http://localhost:3000/node_modules/.vite/deps/chunk-NXESFFTV.js?v=97706f7e:19251:20)
[    2383ms] [LOG] App Render: {currentView: dashboard, selectedProductId: undefined, productsCount: 100} @ http://localhost:3000/App.tsx?t=1775368002308:1344
[    2384ms] [LOG] App Render: {currentView: dashboard, selectedProductId: undefined, productsCount: 100} @ http://localhost:3000/App.tsx?t=1775368002308:1344
[    2413ms] TypeError: Cannot read properties of undefined (reading 'length')
    at Dashboard (http://localhost:3000/components/Dashboard.tsx?t=1775368002308:308:134)
    at renderWithHooks (http://localhost:3000/node_modules/.vite/deps/chunk-NXESFFTV.js?v=97706f7e:11596:26)
    at updateFunctionComponent (http://localhost:3000/node_modules/.vite/deps/chunk-NXESFFTV.js?v=97706f7e:14630:28)
    at mountLazyComponent (http://localhost:3000/node_modules/.vite/deps/chunk-NXESFFTV.js?v=97706f7e:14881:23)
    at beginWork (http://localhost:3000/node_modules/.vite/deps/chunk-NXESFFTV.js?v=97706f7e:15966:22)
    at HTMLUnknownElement.callCallback2 (http://localhost:3000/node_modules/.vite/deps/chunk-NXESFFTV.js?v=97706f7e:3680:22)
    at Object.invokeGuardedCallbackDev (http://localhost:3000/node_modules/.vite/deps/chunk-NXESFFTV.js?v=97706f7e:3705:24)
    at invokeGuardedCallback (http://localhost:3000/node_modules/.vite/deps/chunk-NXESFFTV.js?v=97706f7e:3739:39)
    at beginWork$1 (http://localhost:3000/node_modules/.vite/deps/chunk-NXESFFTV.js?v=97706f7e:19818:15)
    at performUnitOfWork (http://localhost:3000/node_modules/.vite/deps/chunk-NXESFFTV.js?v=97706f7e:19251:20)
[    2414ms] [ERROR] The above error occurred in the <Dashboard> component:

    at Dashboard (http://localhost:3000/components/Dashboard.tsx?t=1775368002308:11:29)
    at div
    at Suspense
    at main
    at div
    at App (http://localhost:3000/App.tsx?t=1775368002308:51:20)
    at ThemeProvider (http://localhost:3000/contexts/ThemeContext.tsx:5:33)
    at Router (http://localhost:3000/node_modules/.vite/deps/react-router-dom.js?v=97706f7e:7102:13)
    at BrowserRouter (http://localhost:3000/node_modules/.vite/deps/react-router-dom.js?v=97706f7e:10272:3)
    at ErrorBoundary (http://localhost:3000/components/ErrorBoundary.tsx:3:1)

React will try to recreate this component tree from scratch using the error boundary you provided, ErrorBoundary. @ http://localhost:3000/node_modules/.vite/deps/chunk-NXESFFTV.js?v=97706f7e:14079
[    2415ms] [ERROR] ErrorBoundary caught an error: TypeError: Cannot read properties of undefined (reading 'length')
    at Dashboard (http://localhost:3000/components/Dashboard.tsx?t=1775368002308:308:134)
    at renderWithHooks (http://localhost:3000/node_modules/.vite/deps/chunk-NXESFFTV.js?v=97706f7e:11596:26)
    at updateFunctionComponent (http://localhost:3000/node_modules/.vite/deps/chunk-NXESFFTV.js?v=97706f7e:14630:28)
    at mountLazyComponent (http://localhost:3000/node_modules/.vite/deps/chunk-NXESFFTV.js?v=97706f7e:14881:23)
    at beginWork (http://localhost:3000/node_modules/.vite/deps/chunk-NXESFFTV.js?v=97706f7e:15966:22)
    at beginWork$1 (http://localhost:3000/node_modules/.vite/deps/chunk-NXESFFTV.js?v=97706f7e:19806:22)
    at performUnitOfWork (http://localhost:3000/node_modules/.vite/deps/chunk-NXESFFTV.js?v=97706f7e:19251:20)
    at workLoopSync (http://localhost:3000/node_modules/.vite/deps/chunk-NXESFFTV.js?v=97706f7e:19190:13)
    at renderRootSync (http://localhost:3000/node_modules/.vite/deps/chunk-NXESFFTV.js?v=97706f7e:19169:15)
    at recoverFromConcurrentError (http://localhost:3000/node_modules/.vite/deps/chunk-NXESFFTV.js?v=97706f7e:18786:28) {componentStack: 
    at Dashboard (http://localhost:3000/component…/localhost:3000/components/ErrorBoundary.tsx:3:1)} @ http://localhost:3000/components/ErrorBoundary.tsx:8
[    2415ms] [ERROR] Error stack: TypeError: Cannot read properties of undefined (reading 'length')
    at Dashboard (http://localhost:3000/components/Dashboard.tsx?t=1775368002308:308:134)
    at renderWithHooks (http://localhost:3000/node_modules/.vite/deps/chunk-NXESFFTV.js?v=97706f7e:11596:26)
    at updateFunctionComponent (http://localhost:3000/node_modules/.vite/deps/chunk-NXESFFTV.js?v=97706f7e:14630:28)
    at mountLazyComponent (http://localhost:3000/node_modules/.vite/deps/chunk-NXESFFTV.js?v=97706f7e:14881:23)
    at beginWork (http://localhost:3000/node_modules/.vite/deps/chunk-NXESFFTV.js?v=97706f7e:15966:22)
    at beginWork$1 (http://localhost:3000/node_modules/.vite/deps/chunk-NXESFFTV.js?v=97706f7e:19806:22)
    at performUnitOfWork (http://localhost:3000/node_modules/.vite/deps/chunk-NXESFFTV.js?v=97706f7e:19251:20)
    at workLoopSync (http://localhost:3000/node_modules/.vite/deps/chunk-NXESFFTV.js?v=97706f7e:19190:13)
    at renderRootSync (http://localhost:3000/node_modules/.vite/deps/chunk-NXESFFTV.js?v=97706f7e:19169:15)
    at recoverFromConcurrentError (http://localhost:3000/node_modules/.vite/deps/chunk-NXESFFTV.js?v=97706f7e:18786:28) @ http://localhost:3000/components/ErrorBoundary.tsx:9
