[    1444ms] [WARNING] cdn.tailwindcss.com should not be used in production. To use Tailwind CSS in production, install it as a PostCSS plugin or use the Tailwind CLI: https://tailwindcss.com/docs/installation @ https://cdn.tailwindcss.com/?plugins=forms,typography:65
[    5413ms] [INFO] %cDownload the React DevTools for a better development experience: https://reactjs.org/link/react-devtools font-weight:bold @ http://localhost:3001/node_modules/.vite/deps/chunk-NXESFFTV.js?v=97706f7e:21608
[    5449ms] [LOG] App Render: {currentView: home, selectedProductId: undefined, productsCount: 0} @ http://localhost:3001/App.tsx:1291
[    5450ms] [LOG] App Render: {currentView: home, selectedProductId: undefined, productsCount: 0} @ http://localhost:3001/App.tsx:1291
[    5562ms] [LOG] ✅ Service Worker registered: ServiceWorkerRegistration @ http://localhost:3001/:149
[    5565ms] [LOG] 🚀 Starting app data load with stale-while-revalidate... @ http://localhost:3001/App.tsx:92
[    5567ms] [LOG] 🚀 Starting app data load with stale-while-revalidate... @ http://localhost:3001/App.tsx:92
[    5577ms] [LOG] App Render: {currentView: home, selectedProductId: undefined, productsCount: 0} @ http://localhost:3001/App.tsx:1291
[    5578ms] [LOG] App Render: {currentView: home, selectedProductId: undefined, productsCount: 0} @ http://localhost:3001/App.tsx:1291
[    5595ms] [LOG] 📊 CLS: 0.000028756294706277533 @ http://localhost:3001/:205
[    5595ms] [LOG] 📡 Fetching products from API... @ http://localhost:3001/App.tsx:124
[    5603ms] [LOG] 📡 Fetching products from API... @ http://localhost:3001/App.tsx:124
[    5606ms] [LOG] App Render: {currentView: home, selectedProductId: undefined, productsCount: 0} @ http://localhost:3001/App.tsx:1291
[    5607ms] [LOG] App Render: {currentView: home, selectedProductId: undefined, productsCount: 0} @ http://localhost:3001/App.tsx:1291
[    5677ms] [LOG] 📊 CLS: 0.0002076511979186826 @ http://localhost:3001/:205
[    5777ms] [ERROR] Failed to load resource: the server responded with a status of 500 (Internal Server Error) @ http://localhost:3001/api/v1/products?limit=48:0
[    5779ms] [ERROR] ❌ Products API call failed: AxiosError @ http://localhost:3001/App.tsx:131
[    5779ms] [ERROR] ❌ Failed to fetch fresh data: AxiosError @ http://localhost:3001/App.tsx:258
[    5779ms] [ERROR] Error type: AxiosError @ http://localhost:3001/App.tsx:259
[    5779ms] [ERROR] Error message: Request failed with status code 500 @ http://localhost:3001/App.tsx:260
[    5779ms] [ERROR] Error code: ERR_BAD_RESPONSE @ http://localhost:3001/App.tsx:261
[    5780ms] [ERROR] Response data:  @ http://localhost:3001/App.tsx:262
[    5780ms] [LOG] App Render: {currentView: home, selectedProductId: undefined, productsCount: 0} @ http://localhost:3001/App.tsx:1291
[    5781ms] [LOG] App Render: {currentView: home, selectedProductId: undefined, productsCount: 0} @ http://localhost:3001/App.tsx:1291
[    5848ms] [ERROR] Failed to load resource: the server responded with a status of 500 (Internal Server Error) @ http://localhost:3001/api/v1/products?limit=48:0
[    5848ms] [ERROR] ❌ Products API call failed: AxiosError @ http://localhost:3001/App.tsx:131
[    5848ms] [ERROR] ❌ Failed to fetch fresh data: AxiosError @ http://localhost:3001/App.tsx:258
[    5849ms] [ERROR] Error type: AxiosError @ http://localhost:3001/App.tsx:259
[    5849ms] [ERROR] Error message: Request failed with status code 500 @ http://localhost:3001/App.tsx:260
[    5849ms] [ERROR] Error code: ERR_BAD_RESPONSE @ http://localhost:3001/App.tsx:261
[    5849ms] [ERROR] Response data:  @ http://localhost:3001/App.tsx:262
[    5849ms] [LOG] 📊 CLS: 0.14663150852114026 @ http://localhost:3001/:205
[    5850ms] [LOG] App Render: {currentView: home, selectedProductId: undefined, productsCount: 0} @ http://localhost:3001/App.tsx:1291
[    5851ms] [LOG] App Render: {currentView: home, selectedProductId: undefined, productsCount: 0} @ http://localhost:3001/App.tsx:1291
[   55013ms] [LOG] [vite] server connection lost. Polling for restart... @ http://localhost:3001/@vite/client:963
[   56799ms] [WARNING] cdn.tailwindcss.com should not be used in production. To use Tailwind CSS in production, install it as a PostCSS plugin or use the Tailwind CLI: https://tailwindcss.com/docs/installation @ https://cdn.tailwindcss.com/?plugins=forms,typography:65
[   63308ms] [INFO] %cDownload the React DevTools for a better development experience: https://reactjs.org/link/react-devtools font-weight:bold @ http://localhost:3001/node_modules/.vite/deps/chunk-NXESFFTV.js?v=97706f7e:21608
[   63336ms] [LOG] App Render: {currentView: home, selectedProductId: undefined, productsCount: 0} @ http://localhost:3001/App.tsx:1291
[   63337ms] [LOG] App Render: {currentView: home, selectedProductId: undefined, productsCount: 0} @ http://localhost:3001/App.tsx:1291
[   63406ms] [LOG] ✅ Service Worker registered: ServiceWorkerRegistration @ http://localhost:3001/:149
[   63406ms] [LOG] 🚀 Starting app data load with stale-while-revalidate... @ http://localhost:3001/App.tsx:92
[   63408ms] [LOG] 🚀 Starting app data load with stale-while-revalidate... @ http://localhost:3001/App.tsx:92
[   63409ms] [LOG] App Render: {currentView: home, selectedProductId: undefined, productsCount: 0} @ http://localhost:3001/App.tsx:1291
[   63409ms] [LOG] App Render: {currentView: home, selectedProductId: undefined, productsCount: 0} @ http://localhost:3001/App.tsx:1291
[   63424ms] [LOG] 📊 CLS: 0.00025082308307016436 @ http://localhost:3001/:205
[   63427ms] [LOG] 📡 Fetching products from API... @ http://localhost:3001/App.tsx:124
[   63430ms] [LOG] 📡 Fetching products from API... @ http://localhost:3001/App.tsx:124
[   63432ms] [LOG] App Render: {currentView: home, selectedProductId: undefined, productsCount: 0} @ http://localhost:3001/App.tsx:1291
[   63432ms] [LOG] App Render: {currentView: home, selectedProductId: undefined, productsCount: 0} @ http://localhost:3001/App.tsx:1291
