[      97ms] [WARNING] cdn.tailwindcss.com should not be used in production. To use Tailwind CSS in production, install it as a PostCSS plugin or use the Tailwind CLI: https://tailwindcss.com/docs/installation @ https://cdn.tailwindcss.com/?plugins=forms,typography:65
[     674ms] [INFO] %cDownload the React DevTools for a better development experience: https://reactjs.org/link/react-devtools font-weight:bold @ http://localhost:3000/node_modules/.vite/deps/chunk-NXESFFTV.js?v=97706f7e:21608
[     687ms] [LOG] App Render: {currentView: dashboard, selectedProductId: undefined, productsCount: 0} @ http://localhost:3000/App.tsx?t=1775367886306:1344
[     688ms] [LOG] App Render: {currentView: dashboard, selectedProductId: undefined, productsCount: 0} @ http://localhost:3000/App.tsx?t=1775367886306:1344
[     759ms] [LOG] ✅ Service Worker registered: ServiceWorkerRegistration @ http://localhost:3000/dashboard:149
[     761ms] [LOG] 🚀 Starting app data load with stale-while-revalidate... @ http://localhost:3000/App.tsx?t=1775367886306:93
[     763ms] [LOG] 🚀 Starting app data load with stale-while-revalidate... @ http://localhost:3000/App.tsx?t=1775367886306:93
[     765ms] [LOG] App Render: {currentView: dashboard, selectedProductId: undefined, productsCount: 0} @ http://localhost:3000/App.tsx?t=1775367886306:1344
[     766ms] [LOG] App Render: {currentView: dashboard, selectedProductId: undefined, productsCount: 0} @ http://localhost:3000/App.tsx?t=1775367886306:1344
[     803ms] [LOG] 📡 Fetching products from API... @ http://localhost:3000/App.tsx?t=1775367886306:130
[     807ms] [LOG] App Render: {currentView: dashboard, selectedProductId: undefined, productsCount: 0} @ http://localhost:3000/App.tsx?t=1775367886306:1344
[     807ms] [LOG] App Render: {currentView: dashboard, selectedProductId: undefined, productsCount: 0} @ http://localhost:3000/App.tsx?t=1775367886306:1344
[     851ms] [LOG] 📡 Fetching products from API... @ http://localhost:3000/App.tsx?t=1775367886306:130
[     853ms] [LOG] App Render: {currentView: dashboard, selectedProductId: undefined, productsCount: 0} @ http://localhost:3000/App.tsx?t=1775367886306:1344
[     854ms] [LOG] App Render: {currentView: dashboard, selectedProductId: undefined, productsCount: 0} @ http://localhost:3000/App.tsx?t=1775367886306:1344
[     873ms] [LOG] 📦 Products API response received, type: object @ http://localhost:3000/App.tsx?t=1775367886306:134
[     873ms] [LOG] 📦 Products has products key: true @ http://localhost:3000/App.tsx?t=1775367886306:135
[     882ms] [LOG] App Render: {currentView: dashboard, selectedProductId: undefined, productsCount: 0} @ http://localhost:3000/App.tsx?t=1775367886306:1344
[     882ms] [LOG] App Render: {currentView: dashboard, selectedProductId: undefined, productsCount: 0} @ http://localhost:3000/App.tsx?t=1775367886306:1344
[     929ms] [LOG] 📦 Products API response received, type: object @ http://localhost:3000/App.tsx?t=1775367886306:134
[     930ms] [LOG] 📦 Products has products key: true @ http://localhost:3000/App.tsx?t=1775367886306:135
[     936ms] [LOG] App Render: {currentView: dashboard, selectedProductId: undefined, productsCount: 0} @ http://localhost:3000/App.tsx?t=1775367886306:1344
[     936ms] [LOG] App Render: {currentView: dashboard, selectedProductId: undefined, productsCount: 0} @ http://localhost:3000/App.tsx?t=1775367886306:1344
[    1500ms] [LOG] ✅ Products response has 100 products @ http://localhost:3000/App.tsx?t=1775367886306:155
[    1500ms] [LOG] ✅ Loaded and cached 100 products @ http://localhost:3000/App.tsx?t=1775367886306:196
[    1501ms] [LOG] ✅ All data loaded and cached successfully @ http://localhost:3000/App.tsx?t=1775367886306:262
[    1502ms] [LOG] App Render: {currentView: dashboard, selectedProductId: undefined, productsCount: 100} @ http://localhost:3000/App.tsx?t=1775367886306:1344
[    1503ms] [LOG] App Render: {currentView: dashboard, selectedProductId: undefined, productsCount: 100} @ http://localhost:3000/App.tsx?t=1775367886306:1344
[    1762ms] [LOG] App Render: {currentView: dashboard, selectedProductId: undefined, productsCount: 100} @ http://localhost:3000/App.tsx?t=1775367886306:1344
[    1763ms] [LOG] App Render: {currentView: dashboard, selectedProductId: undefined, productsCount: 100} @ http://localhost:3000/App.tsx?t=1775367886306:1344
[    1960ms] [ERROR] Failed to load resource: the server responded with a status of 401 (Unauthorized) @ http://localhost:3000/api/v1/orders/me:0
[    1963ms] [ERROR] Failed to fetch user orders: AxiosError @ http://localhost:3000/App.tsx?t=1775367886306:683
[    2022ms] [LOG] ✅ Products response has 100 products @ http://localhost:3000/App.tsx?t=1775367886306:155
[    2022ms] [LOG] ✅ Loaded and cached 100 products @ http://localhost:3000/App.tsx?t=1775367886306:196
[    2023ms] [LOG] ✅ All data loaded and cached successfully @ http://localhost:3000/App.tsx?t=1775367886306:262
[    2024ms] [LOG] App Render: {currentView: dashboard, selectedProductId: undefined, productsCount: 100} @ http://localhost:3000/App.tsx?t=1775367886306:1344
[    2024ms] [LOG] App Render: {currentView: dashboard, selectedProductId: undefined, productsCount: 100} @ http://localhost:3000/App.tsx?t=1775367886306:1344
[    2046ms] [LOG] App Render: {currentView: dashboard, selectedProductId: undefined, productsCount: 100} @ http://localhost:3000/App.tsx?t=1775367886306:1344
[    2047ms] [LOG] App Render: {currentView: dashboard, selectedProductId: undefined, productsCount: 100} @ http://localhost:3000/App.tsx?t=1775367886306:1344
[    2100ms] [ERROR] Failed to load resource: the server responded with a status of 401 (Unauthorized) @ http://localhost:3000/api/v1/orders/me:0
[    2100ms] [ERROR] Failed to fetch user orders: AxiosError @ http://localhost:3000/App.tsx?t=1775367886306:683
[    2419ms] TypeError: Cannot read properties of undefined (reading '0')
    at Dashboard (http://localhost:3000/components/Dashboard.tsx?t=1775367886306:171:34)
    at renderWithHooks (http://localhost:3000/node_modules/.vite/deps/chunk-NXESFFTV.js?v=97706f7e:11596:26)
    at updateFunctionComponent (http://localhost:3000/node_modules/.vite/deps/chunk-NXESFFTV.js?v=97706f7e:14630:28)
    at mountLazyComponent (http://localhost:3000/node_modules/.vite/deps/chunk-NXESFFTV.js?v=97706f7e:14881:23)
    at beginWork (http://localhost:3000/node_modules/.vite/deps/chunk-NXESFFTV.js?v=97706f7e:15966:22)
    at HTMLUnknownElement.callCallback2 (http://localhost:3000/node_modules/.vite/deps/chunk-NXESFFTV.js?v=97706f7e:3680:22)
    at Object.invokeGuardedCallbackDev (http://localhost:3000/node_modules/.vite/deps/chunk-NXESFFTV.js?v=97706f7e:3705:24)
    at invokeGuardedCallback (http://localhost:3000/node_modules/.vite/deps/chunk-NXESFFTV.js?v=97706f7e:3739:39)
    at beginWork$1 (http://localhost:3000/node_modules/.vite/deps/chunk-NXESFFTV.js?v=97706f7e:19818:15)
    at performUnitOfWork (http://localhost:3000/node_modules/.vite/deps/chunk-NXESFFTV.js?v=97706f7e:19251:20)
[    2423ms] TypeError: Cannot read properties of undefined (reading '0')
    at Dashboard (http://localhost:3000/components/Dashboard.tsx?t=1775367886306:171:34)
    at renderWithHooks (http://localhost:3000/node_modules/.vite/deps/chunk-NXESFFTV.js?v=97706f7e:11596:26)
    at updateFunctionComponent (http://localhost:3000/node_modules/.vite/deps/chunk-NXESFFTV.js?v=97706f7e:14630:28)
    at mountLazyComponent (http://localhost:3000/node_modules/.vite/deps/chunk-NXESFFTV.js?v=97706f7e:14881:23)
    at beginWork (http://localhost:3000/node_modules/.vite/deps/chunk-NXESFFTV.js?v=97706f7e:15966:22)
    at HTMLUnknownElement.callCallback2 (http://localhost:3000/node_modules/.vite/deps/chunk-NXESFFTV.js?v=97706f7e:3680:22)
    at Object.invokeGuardedCallbackDev (http://localhost:3000/node_modules/.vite/deps/chunk-NXESFFTV.js?v=97706f7e:3705:24)
    at invokeGuardedCallback (http://localhost:3000/node_modules/.vite/deps/chunk-NXESFFTV.js?v=97706f7e:3739:39)
    at beginWork$1 (http://localhost:3000/node_modules/.vite/deps/chunk-NXESFFTV.js?v=97706f7e:19818:15)
    at performUnitOfWork (http://localhost:3000/node_modules/.vite/deps/chunk-NXESFFTV.js?v=97706f7e:19251:20)
[    2186ms] [ERROR] The above error occurred in the <Dashboard> component:

    at Dashboard (http://localhost:3000/components/Dashboard.tsx?t=1775367886306:11:29)
    at div
    at Suspense
    at main
    at div
    at App (http://localhost:3000/App.tsx?t=1775367886306:51:20)
    at ThemeProvider (http://localhost:3000/contexts/ThemeContext.tsx:5:33)
    at Router (http://localhost:3000/node_modules/.vite/deps/react-router-dom.js?v=97706f7e:7102:13)
    at BrowserRouter (http://localhost:3000/node_modules/.vite/deps/react-router-dom.js?v=97706f7e:10272:3)
    at ErrorBoundary (http://localhost:3000/components/ErrorBoundary.tsx:3:1)

React will try to recreate this component tree from scratch using the error boundary you provided, ErrorBoundary. @ http://localhost:3000/node_modules/.vite/deps/chunk-NXESFFTV.js?v=97706f7e:14079
[    2186ms] [ERROR] ErrorBoundary caught an error: TypeError: Cannot read properties of undefined (reading '0')
    at Dashboard (http://localhost:3000/components/Dashboard.tsx?t=1775367886306:171:34)
    at renderWithHooks (http://localhost:3000/node_modules/.vite/deps/chunk-NXESFFTV.js?v=97706f7e:11596:26)
    at updateFunctionComponent (http://localhost:3000/node_modules/.vite/deps/chunk-NXESFFTV.js?v=97706f7e:14630:28)
    at mountLazyComponent (http://localhost:3000/node_modules/.vite/deps/chunk-NXESFFTV.js?v=97706f7e:14881:23)
    at beginWork (http://localhost:3000/node_modules/.vite/deps/chunk-NXESFFTV.js?v=97706f7e:15966:22)
    at beginWork$1 (http://localhost:3000/node_modules/.vite/deps/chunk-NXESFFTV.js?v=97706f7e:19806:22)
    at performUnitOfWork (http://localhost:3000/node_modules/.vite/deps/chunk-NXESFFTV.js?v=97706f7e:19251:20)
    at workLoopSync (http://localhost:3000/node_modules/.vite/deps/chunk-NXESFFTV.js?v=97706f7e:19190:13)
    at renderRootSync (http://localhost:3000/node_modules/.vite/deps/chunk-NXESFFTV.js?v=97706f7e:19169:15)
    at recoverFromConcurrentError (http://localhost:3000/node_modules/.vite/deps/chunk-NXESFFTV.js?v=97706f7e:18786:28) {componentStack: 
    at Dashboard (http://localhost:3000/component…/localhost:3000/components/ErrorBoundary.tsx:3:1)} @ http://localhost:3000/components/ErrorBoundary.tsx:8
[    2186ms] [ERROR] Error stack: TypeError: Cannot read properties of undefined (reading '0')
    at Dashboard (http://localhost:3000/components/Dashboard.tsx?t=1775367886306:171:34)
    at renderWithHooks (http://localhost:3000/node_modules/.vite/deps/chunk-NXESFFTV.js?v=97706f7e:11596:26)
    at updateFunctionComponent (http://localhost:3000/node_modules/.vite/deps/chunk-NXESFFTV.js?v=97706f7e:14630:28)
    at mountLazyComponent (http://localhost:3000/node_modules/.vite/deps/chunk-NXESFFTV.js?v=97706f7e:14881:23)
    at beginWork (http://localhost:3000/node_modules/.vite/deps/chunk-NXESFFTV.js?v=97706f7e:15966:22)
    at beginWork$1 (http://localhost:3000/node_modules/.vite/deps/chunk-NXESFFTV.js?v=97706f7e:19806:22)
    at performUnitOfWork (http://localhost:3000/node_modules/.vite/deps/chunk-NXESFFTV.js?v=97706f7e:19251:20)
    at workLoopSync (http://localhost:3000/node_modules/.vite/deps/chunk-NXESFFTV.js?v=97706f7e:19190:13)
    at renderRootSync (http://localhost:3000/node_modules/.vite/deps/chunk-NXESFFTV.js?v=97706f7e:19169:15)
    at recoverFromConcurrentError (http://localhost:3000/node_modules/.vite/deps/chunk-NXESFFTV.js?v=97706f7e:18786:28) @ http://localhost:3000/components/ErrorBoundary.tsx:9
