[     411ms] [WARNING] cdn.tailwindcss.com should not be used in production. To use Tailwind CSS in production, install it as a PostCSS plugin or use the Tailwind CLI: https://tailwindcss.com/docs/installation @ https://cdn.tailwindcss.com/?plugins=forms,typography:65
[     847ms] [INFO] %cDownload the React DevTools for a better development experience: https://reactjs.org/link/react-devtools font-weight:bold @ http://localhost:3000/node_modules/.vite/deps/chunk-NXESFFTV.js?v=97706f7e:21608
[     859ms] [LOG] App Render: {currentView: home, selectedProductId: undefined, productsCount: 0} @ http://localhost:3000/App.tsx?t=1775285692534:1291
[     860ms] [LOG] App Render: {currentView: home, selectedProductId: undefined, productsCount: 0} @ http://localhost:3000/App.tsx?t=1775285692534:1291
[     924ms] [LOG] ✅ Service Worker registered: ServiceWorkerRegistration @ http://localhost:3000/:149
[     927ms] [LOG] 🚀 Starting app data load with stale-while-revalidate... @ http://localhost:3000/App.tsx?t=1775285692534:92
[     928ms] [LOG] 🚀 Starting app data load with stale-while-revalidate... @ http://localhost:3000/App.tsx?t=1775285692534:92
[     929ms] [LOG] App Render: {currentView: home, selectedProductId: undefined, productsCount: 0} @ http://localhost:3000/App.tsx?t=1775285692534:1291
[     930ms] [LOG] App Render: {currentView: home, selectedProductId: undefined, productsCount: 0} @ http://localhost:3000/App.tsx?t=1775285692534:1291
[     942ms] [LOG] 📡 Fetching products from API... @ http://localhost:3000/App.tsx?t=1775285692534:124
[     946ms] [LOG] 📡 Fetching products from API... @ http://localhost:3000/App.tsx?t=1775285692534:124
[     947ms] [LOG] App Render: {currentView: home, selectedProductId: undefined, productsCount: 0} @ http://localhost:3000/App.tsx?t=1775285692534:1291
[     948ms] [LOG] App Render: {currentView: home, selectedProductId: undefined, productsCount: 0} @ http://localhost:3000/App.tsx?t=1775285692534:1291
[     970ms] [LOG] 📦 Products API response received, type: object @ http://localhost:3000/App.tsx?t=1775285692534:128
[     970ms] [LOG] 📦 Products has products key: true @ http://localhost:3000/App.tsx?t=1775285692534:129
[     979ms] [LOG] App Render: {currentView: home, selectedProductId: undefined, productsCount: 0} @ http://localhost:3000/App.tsx?t=1775285692534:1291
[     979ms] [LOG] App Render: {currentView: home, selectedProductId: undefined, productsCount: 0} @ http://localhost:3000/App.tsx?t=1775285692534:1291
[    1013ms] [LOG] 📦 Products API response received, type: object @ http://localhost:3000/App.tsx?t=1775285692534:128
[    1013ms] [LOG] 📦 Products has products key: true @ http://localhost:3000/App.tsx?t=1775285692534:129
[    1022ms] [LOG] App Render: {currentView: home, selectedProductId: undefined, productsCount: 0} @ http://localhost:3000/App.tsx?t=1775285692534:1291
[    1023ms] [LOG] App Render: {currentView: home, selectedProductId: undefined, productsCount: 0} @ http://localhost:3000/App.tsx?t=1775285692534:1291
[    1318ms] [ERROR] Failed to load resource: the server responded with a status of 401 (Unauthorized) @ http://localhost:3000/api/v1/auth/me:0
[    1561ms] [LOG] ✅ Products response has 48 products @ http://localhost:3000/App.tsx?t=1775285692534:149
[    1562ms] [LOG] ✅ Loaded and cached 48 products @ http://localhost:3000/App.tsx?t=1775285692534:190
[    1562ms] [LOG] ✅ All data loaded and cached successfully @ http://localhost:3000/App.tsx?t=1775285692534:256
[    1563ms] [LOG] App Render: {currentView: home, selectedProductId: undefined, productsCount: 48} @ http://localhost:3000/App.tsx?t=1775285692534:1291
[    1568ms] [LOG] App Render: {currentView: home, selectedProductId: undefined, productsCount: 48} @ http://localhost:3000/App.tsx?t=1775285692534:1291
[    2375ms] [ERROR] Failed to load resource: the server responded with a status of 401 (Unauthorized) @ http://localhost:3000/api/v1/auth/me:0
[    2383ms] [LOG] App Render: {currentView: home, selectedProductId: undefined, productsCount: 48} @ http://localhost:3000/App.tsx?t=1775285692534:1291
[    2385ms] [LOG] App Render: {currentView: home, selectedProductId: undefined, productsCount: 48} @ http://localhost:3000/App.tsx?t=1775285692534:1291
[    2409ms] [LOG] ✅ Products response has 48 products @ http://localhost:3000/App.tsx?t=1775285692534:149
[    2410ms] [LOG] ✅ Loaded and cached 48 products @ http://localhost:3000/App.tsx?t=1775285692534:190
[    2411ms] [LOG] ✅ All data loaded and cached successfully @ http://localhost:3000/App.tsx?t=1775285692534:256
[    2458ms] [LOG] App Render: {currentView: home, selectedProductId: undefined, productsCount: 48} @ http://localhost:3000/App.tsx?t=1775285692534:1291
[    2462ms] [LOG] App Render: {currentView: home, selectedProductId: undefined, productsCount: 48} @ http://localhost:3000/App.tsx?t=1775285692534:1291
[    2543ms] [LOG] App Render: {currentView: home, selectedProductId: undefined, productsCount: 48} @ http://localhost:3000/App.tsx?t=1775285692534:1291
[    2545ms] [LOG] App Render: {currentView: home, selectedProductId: undefined, productsCount: 48} @ http://localhost:3000/App.tsx?t=1775285692534:1291
[   57823ms] [LOG] 📊 CLS: 0.0000011979250412839507 @ http://localhost:3000/:205
