[     489ms] [WARNING] cdn.tailwindcss.com should not be used in production. To use Tailwind CSS in production, install it as a PostCSS plugin or use the Tailwind CLI: https://tailwindcss.com/docs/installation @ https://cdn.tailwindcss.com/?plugins=forms,typography:65
[    1153ms] [INFO] %cDownload the React DevTools for a better development experience: https://reactjs.org/link/react-devtools font-weight:bold @ http://localhost:3000/node_modules/.vite/deps/chunk-NXESFFTV.js?v=97706f7e:21608
[    1179ms] [LOG] App Render: {currentView: home, selectedProductId: undefined, productsCount: 0} @ http://localhost:3000/App.tsx:1344
[    1182ms] [LOG] App Render: {currentView: home, selectedProductId: undefined, productsCount: 0} @ http://localhost:3000/App.tsx:1344
[    1265ms] [LOG] ✅ Service Worker registered: ServiceWorkerRegistration @ http://localhost:3000/:149
[    1271ms] [LOG] 🚀 Starting app data load with stale-while-revalidate... @ http://localhost:3000/App.tsx:93
[    1278ms] [LOG] 🚀 Starting app data load with stale-while-revalidate... @ http://localhost:3000/App.tsx:93
[    1298ms] [LOG] App Render: {currentView: home, selectedProductId: undefined, productsCount: 0} @ http://localhost:3000/App.tsx:1344
[    1300ms] [LOG] App Render: {currentView: home, selectedProductId: undefined, productsCount: 0} @ http://localhost:3000/App.tsx:1344
[    1404ms] [LOG] 📡 Fetching products from API... @ http://localhost:3000/App.tsx:130
[    1412ms] [LOG] App Render: {currentView: home, selectedProductId: undefined, productsCount: 0} @ http://localhost:3000/App.tsx:1344
[    1414ms] [LOG] App Render: {currentView: home, selectedProductId: undefined, productsCount: 0} @ http://localhost:3000/App.tsx:1344
[    1433ms] [LOG] 📡 Fetching products from API... @ http://localhost:3000/App.tsx:130
[    1436ms] [LOG] App Render: {currentView: home, selectedProductId: undefined, productsCount: 0} @ http://localhost:3000/App.tsx:1344
[    1436ms] [LOG] App Render: {currentView: home, selectedProductId: undefined, productsCount: 0} @ http://localhost:3000/App.tsx:1344
[    1473ms] [ERROR] Failed to load resource: the server responded with a status of 500 (Internal Server Error) @ http://localhost:3000/api/v1/products?limit=100:0
[    1483ms] [ERROR] ❌ Products API call failed: AxiosError @ http://localhost:3000/App.tsx:137
[    1484ms] [ERROR] ❌ Failed to fetch fresh data: AxiosError @ http://localhost:3000/App.tsx:264
[    1484ms] [ERROR] Error type: AxiosError @ http://localhost:3000/App.tsx:265
[    1484ms] [ERROR] Error message: Request failed with status code 500 @ http://localhost:3000/App.tsx:266
[    1484ms] [ERROR] Error code: ERR_BAD_RESPONSE @ http://localhost:3000/App.tsx:267
[    1485ms] [ERROR] Response data: {error: Internal server error} @ http://localhost:3000/App.tsx:268
[    1485ms] [LOG] App Render: {currentView: home, selectedProductId: undefined, productsCount: 0} @ http://localhost:3000/App.tsx:1344
[    1486ms] [LOG] App Render: {currentView: home, selectedProductId: undefined, productsCount: 0} @ http://localhost:3000/App.tsx:1344
[    1549ms] [ERROR] Failed to load resource: the server responded with a status of 500 (Internal Server Error) @ http://localhost:3000/api/v1/products?limit=100:0
[    1551ms] [ERROR] ❌ Products API call failed: AxiosError @ http://localhost:3000/App.tsx:137
[    1552ms] [ERROR] ❌ Failed to fetch fresh data: AxiosError @ http://localhost:3000/App.tsx:264
[    1553ms] [ERROR] Error type: AxiosError @ http://localhost:3000/App.tsx:265
[    1553ms] [ERROR] Error message: Request failed with status code 500 @ http://localhost:3000/App.tsx:266
[    1553ms] [ERROR] Error code: ERR_BAD_RESPONSE @ http://localhost:3000/App.tsx:267
[    1553ms] [ERROR] Response data: {error: Internal server error} @ http://localhost:3000/App.tsx:268
[    1555ms] [LOG] 📊 CLS: 0.10253070497262208 @ http://localhost:3000/:205
[    1556ms] [LOG] App Render: {currentView: home, selectedProductId: undefined, productsCount: 0} @ http://localhost:3000/App.tsx:1344
[    1557ms] [LOG] App Render: {currentView: home, selectedProductId: undefined, productsCount: 0} @ http://localhost:3000/App.tsx:1344
