[    1654ms] [WARNING] cdn.tailwindcss.com should not be used in production. To use Tailwind CSS in production, install it as a PostCSS plugin or use the Tailwind CLI: https://tailwindcss.com/docs/installation @ https://cdn.tailwindcss.com/?plugins=forms,typography:65
[    6487ms] [INFO] %cDownload the React DevTools for a better development experience: https://reactjs.org/link/react-devtools font-weight:bold @ http://localhost:3000/node_modules/.vite/deps/chunk-NXESFFTV.js?v=97706f7e:21608
[    6532ms] [LOG] App Render: {currentView: home, selectedProductId: undefined, productsCount: 0} @ http://localhost:3000/App.tsx:1291
[    6533ms] [LOG] App Render: {currentView: home, selectedProductId: undefined, productsCount: 0} @ http://localhost:3000/App.tsx:1291
[    6615ms] [LOG] 🚀 Starting app data load with stale-while-revalidate... @ http://localhost:3000/App.tsx:92
[    6618ms] [LOG] 🚀 Starting app data load with stale-while-revalidate... @ http://localhost:3000/App.tsx:92
[    6632ms] [LOG] App Render: {currentView: home, selectedProductId: undefined, productsCount: 0} @ http://localhost:3000/App.tsx:1291
[    6633ms] [LOG] App Render: {currentView: home, selectedProductId: undefined, productsCount: 0} @ http://localhost:3000/App.tsx:1291
[    6641ms] [LOG] 📊 CLS: 0.0000065036402771526304 @ http://localhost:3000/:205
[    6642ms] [LOG] 📡 Fetching products from API... @ http://localhost:3000/App.tsx:124
[    6652ms] [LOG] 📡 Fetching products from API... @ http://localhost:3000/App.tsx:124
[    6654ms] [LOG] App Render: {currentView: home, selectedProductId: undefined, productsCount: 0} @ http://localhost:3000/App.tsx:1291
[    6655ms] [LOG] App Render: {currentView: home, selectedProductId: undefined, productsCount: 0} @ http://localhost:3000/App.tsx:1291
[    6657ms] [LOG] ✅ Service Worker registered: ServiceWorkerRegistration @ http://localhost:3000/:149
[    6735ms] [LOG] 📊 CLS: 0.000046963237377314925 @ http://localhost:3000/:205
[    6887ms] [LOG] 📦 Products API response received, type: object @ http://localhost:3000/App.tsx:128
[    6887ms] [LOG] 📦 Products has products key: true @ http://localhost:3000/App.tsx:129
[    6899ms] [LOG] App Render: {currentView: home, selectedProductId: undefined, productsCount: 0} @ http://localhost:3000/App.tsx:1291
[    6899ms] [LOG] App Render: {currentView: home, selectedProductId: undefined, productsCount: 0} @ http://localhost:3000/App.tsx:1291
[    6968ms] [LOG] 📦 Products API response received, type: object @ http://localhost:3000/App.tsx:128
[    6968ms] [LOG] 📦 Products has products key: true @ http://localhost:3000/App.tsx:129
[    6982ms] [LOG] App Render: {currentView: home, selectedProductId: undefined, productsCount: 0} @ http://localhost:3000/App.tsx:1291
[    6983ms] [LOG] App Render: {currentView: home, selectedProductId: undefined, productsCount: 0} @ http://localhost:3000/App.tsx:1291
[    7314ms] [ERROR] Failed to load resource: the server responded with a status of 401 (Unauthorized) @ http://localhost:3000/api/v1/auth/me:0
[    7642ms] [LOG] ✅ Products response has 48 products @ http://localhost:3000/App.tsx:149
[    7643ms] [LOG] ✅ Loaded and cached 48 products @ http://localhost:3000/App.tsx:190
[    7644ms] [LOG] ✅ All data loaded and cached successfully @ http://localhost:3000/App.tsx:256
[    7645ms] [LOG] App Render: {currentView: home, selectedProductId: undefined, productsCount: 48} @ http://localhost:3000/App.tsx:1291
[    7650ms] [LOG] App Render: {currentView: home, selectedProductId: undefined, productsCount: 48} @ http://localhost:3000/App.tsx:1291
[    8286ms] [ERROR] Failed to load resource: the server responded with a status of 401 (Unauthorized) @ http://localhost:3000/api/v1/auth/me:0
[    8292ms] [LOG] App Render: {currentView: home, selectedProductId: undefined, productsCount: 48} @ http://localhost:3000/App.tsx:1291
[    8296ms] [LOG] App Render: {currentView: home, selectedProductId: undefined, productsCount: 48} @ http://localhost:3000/App.tsx:1291
[    8348ms] [LOG] 📊 CLS: 0.00007816621839843621 @ http://localhost:3000/:205
[    8775ms] [LOG] ✅ Products response has 48 products @ http://localhost:3000/App.tsx:149
[    8776ms] [LOG] ✅ Loaded and cached 48 products @ http://localhost:3000/App.tsx:190
[    8777ms] [LOG] ✅ All data loaded and cached successfully @ http://localhost:3000/App.tsx:256
[    8778ms] [LOG] App Render: {currentView: home, selectedProductId: undefined, productsCount: 48} @ http://localhost:3000/App.tsx:1291
[    8780ms] [LOG] App Render: {currentView: home, selectedProductId: undefined, productsCount: 48} @ http://localhost:3000/App.tsx:1291
[    8817ms] [LOG] App Render: {currentView: home, selectedProductId: undefined, productsCount: 48} @ http://localhost:3000/App.tsx:1291
[    8819ms] [LOG] App Render: {currentView: home, selectedProductId: undefined, productsCount: 48} @ http://localhost:3000/App.tsx:1291
[   48507ms] [LOG] 📊 CLS: 0.00007871357732801191 @ http://localhost:3000/:205
[   48569ms] [LOG] 📊 CLS: 0.00007944941326171331 @ http://localhost:3000/:205
