[     435ms] [WARNING] cdn.tailwindcss.com should not be used in production. To use Tailwind CSS in production, install it as a PostCSS plugin or use the Tailwind CLI: https://tailwindcss.com/docs/installation @ https://cdn.tailwindcss.com/?plugins=forms,typography:65
[    1177ms] [INFO] %cDownload the React DevTools for a better development experience: https://reactjs.org/link/react-devtools font-weight:bold @ http://localhost:3000/node_modules/.vite/deps/chunk-NXESFFTV.js?v=97706f7e:21608
[    1191ms] [LOG] App Render: {currentView: login, selectedProductId: undefined, productsCount: 0} @ http://localhost:3000/App.tsx?t=1775285692534:1291
[    1192ms] [LOG] App Render: {currentView: login, selectedProductId: undefined, productsCount: 0} @ http://localhost:3000/App.tsx?t=1775285692534:1291
[    1267ms] [LOG] ✅ Service Worker registered: ServiceWorkerRegistration @ http://localhost:3000/login:149
[    1270ms] [LOG] 🚀 Starting app data load with stale-while-revalidate... @ http://localhost:3000/App.tsx?t=1775285692534:92
[    1272ms] [LOG] 🚀 Starting app data load with stale-while-revalidate... @ http://localhost:3000/App.tsx?t=1775285692534:92
[    1273ms] [LOG] App Render: {currentView: login, selectedProductId: undefined, productsCount: 0} @ http://localhost:3000/App.tsx?t=1775285692534:1291
[    1274ms] [LOG] App Render: {currentView: login, selectedProductId: undefined, productsCount: 0} @ http://localhost:3000/App.tsx?t=1775285692534:1291
[    1294ms] [LOG] 📡 Fetching products from API... @ http://localhost:3000/App.tsx?t=1775285692534:124
[    1299ms] [LOG] 📡 Fetching products from API... @ http://localhost:3000/App.tsx?t=1775285692534:124
[    1301ms] [LOG] App Render: {currentView: login, selectedProductId: undefined, productsCount: 0} @ http://localhost:3000/App.tsx?t=1775285692534:1291
[    1301ms] [LOG] App Render: {currentView: login, selectedProductId: undefined, productsCount: 0} @ http://localhost:3000/App.tsx?t=1775285692534:1291
[    1344ms] [LOG] 📦 Products API response received, type: object @ http://localhost:3000/App.tsx?t=1775285692534:128
[    1344ms] [LOG] 📦 Products has products key: true @ http://localhost:3000/App.tsx?t=1775285692534:129
[    1354ms] [LOG] App Render: {currentView: login, selectedProductId: undefined, productsCount: 0} @ http://localhost:3000/App.tsx?t=1775285692534:1291
[    1354ms] [LOG] App Render: {currentView: login, selectedProductId: undefined, productsCount: 0} @ http://localhost:3000/App.tsx?t=1775285692534:1291
[    1386ms] [LOG] 📦 Products API response received, type: object @ http://localhost:3000/App.tsx?t=1775285692534:128
[    1386ms] [LOG] 📦 Products has products key: true @ http://localhost:3000/App.tsx?t=1775285692534:129
[    1395ms] [LOG] App Render: {currentView: login, selectedProductId: undefined, productsCount: 0} @ http://localhost:3000/App.tsx?t=1775285692534:1291
[    1396ms] [LOG] App Render: {currentView: login, selectedProductId: undefined, productsCount: 0} @ http://localhost:3000/App.tsx?t=1775285692534:1291
[    1871ms] [ERROR] Failed to load resource: the server responded with a status of 401 (Unauthorized) @ http://localhost:3000/api/v1/auth/me:0
[    1962ms] [LOG] ✅ Products response has 48 products @ http://localhost:3000/App.tsx?t=1775285692534:149
[    1963ms] [LOG] ✅ Loaded and cached 48 products @ http://localhost:3000/App.tsx?t=1775285692534:190
[    1963ms] [LOG] ✅ All data loaded and cached successfully @ http://localhost:3000/App.tsx?t=1775285692534:256
[    1964ms] [LOG] App Render: {currentView: login, selectedProductId: undefined, productsCount: 48} @ http://localhost:3000/App.tsx?t=1775285692534:1291
[    1965ms] [LOG] App Render: {currentView: login, selectedProductId: undefined, productsCount: 48} @ http://localhost:3000/App.tsx?t=1775285692534:1291
[    2228ms] [LOG] App Render: {currentView: login, selectedProductId: undefined, productsCount: 48} @ http://localhost:3000/App.tsx?t=1775285692534:1291
[    2229ms] [LOG] App Render: {currentView: login, selectedProductId: undefined, productsCount: 48} @ http://localhost:3000/App.tsx?t=1775285692534:1291
[    2513ms] [ERROR] Failed to load resource: the server responded with a status of 401 (Unauthorized) @ http://localhost:3000/api/v1/auth/me:0
[    2515ms] [LOG] 📊 CLS: 0.027868591845756758 @ http://localhost:3000/login:205
[    2689ms] [LOG] ✅ Products response has 48 products @ http://localhost:3000/App.tsx?t=1775285692534:149
[    2689ms] [LOG] ✅ Loaded and cached 48 products @ http://localhost:3000/App.tsx?t=1775285692534:190
[    2689ms] [LOG] ✅ All data loaded and cached successfully @ http://localhost:3000/App.tsx?t=1775285692534:256
[    2690ms] [LOG] App Render: {currentView: login, selectedProductId: undefined, productsCount: 48} @ http://localhost:3000/App.tsx?t=1775285692534:1291
[    2691ms] [LOG] App Render: {currentView: login, selectedProductId: undefined, productsCount: 48} @ http://localhost:3000/App.tsx?t=1775285692534:1291
[    2710ms] [LOG] App Render: {currentView: login, selectedProductId: undefined, productsCount: 48} @ http://localhost:3000/App.tsx?t=1775285692534:1291
[    2711ms] [LOG] App Render: {currentView: login, selectedProductId: undefined, productsCount: 48} @ http://localhost:3000/App.tsx?t=1775285692534:1291
